[debug] [2025-09-09T01:31:24.382Z] ----------------------------------------------------------------------
[debug] [2025-09-09T01:31:24.384Z] Command:       /opt/nodejs/bin/node /usr/local/bin/firebase deploy
[debug] [2025-09-09T01:31:24.384Z] CLI Version:   14.15.2
[debug] [2025-09-09T01:31:24.384Z] Platform:      linux
[debug] [2025-09-09T01:31:24.384Z] Node Version:  v22.19.0
[debug] [2025-09-09T01:31:24.384Z] Time:          Mon Sep 08 2025 20:31:24 GMT-0500 (hora estándar de Colombia)
[debug] [2025-09-09T01:31:24.385Z] ----------------------------------------------------------------------
[debug] 
[debug] [2025-09-09T01:31:24.518Z] > command requires scopes: ["email","openid","https://www.googleapis.com/auth/cloudplatformprojects.readonly","https://www.googleapis.com/auth/firebase","https://www.googleapis.com/auth/cloud-platform"]
[debug] [2025-09-09T01:31:24.518Z] > authorizing via signed-in user (mariasmarin981@gmail.com)
[debug] [2025-09-09T01:31:24.519Z] [iam] checking project hubble-riwi for permissions ["firebase.projects.get","firebasehosting.sites.update"]
[debug] [2025-09-09T01:31:24.519Z] Checked if tokens are valid: false, expires at: 1757381369855
[debug] [2025-09-09T01:31:24.519Z] Checked if tokens are valid: false, expires at: 1757381369855
[debug] [2025-09-09T01:31:24.519Z] > refreshing access token with scopes: []
[debug] [2025-09-09T01:31:24.520Z] >>> [apiv2][query] POST https://www.googleapis.com/oauth2/v3/token [none]
[debug] [2025-09-09T01:31:24.521Z] >>> [apiv2][body] POST https://www.googleapis.com/oauth2/v3/token [omitted]
[debug] [2025-09-09T01:31:24.824Z] <<< [apiv2][status] POST https://www.googleapis.com/oauth2/v3/token 200
[debug] [2025-09-09T01:31:24.824Z] <<< [apiv2][body] POST https://www.googleapis.com/oauth2/v3/token [omitted]
[debug] [2025-09-09T01:31:24.834Z] >>> [apiv2][query] POST https://cloudresourcemanager.googleapis.com/v1/projects/hubble-riwi:testIamPermissions [none]
[debug] [2025-09-09T01:31:24.834Z] >>> [apiv2][(partial)header] POST https://cloudresourcemanager.googleapis.com/v1/projects/hubble-riwi:testIamPermissions x-goog-quota-user=projects/hubble-riwi
[debug] [2025-09-09T01:31:24.834Z] >>> [apiv2][body] POST https://cloudresourcemanager.googleapis.com/v1/projects/hubble-riwi:testIamPermissions {"permissions":["firebase.projects.get","firebasehosting.sites.update"]}
[debug] [2025-09-09T01:31:25.479Z] <<< [apiv2][status] POST https://cloudresourcemanager.googleapis.com/v1/projects/hubble-riwi:testIamPermissions 200
[debug] [2025-09-09T01:31:25.479Z] <<< [apiv2][body] POST https://cloudresourcemanager.googleapis.com/v1/projects/hubble-riwi:testIamPermissions {}
[debug] [2025-09-09T01:31:25.479Z] [iam] error while checking permissions, command may fail: Authorization failed. This account is missing the following required permissions on project hubble-riwi:

  firebase.projects.get
  firebasehosting.sites.update
[debug] [2025-09-09T01:31:25.481Z] Checked if tokens are valid: true, expires at: 1757385083825
[debug] [2025-09-09T01:31:25.481Z] Checked if tokens are valid: true, expires at: 1757385083825
[debug] [2025-09-09T01:31:25.482Z] >>> [apiv2][query] GET https://firebase.googleapis.com/v1beta1/projects/hubble-riwi [none]
[debug] [2025-09-09T01:31:25.971Z] <<< [apiv2][status] GET https://firebase.googleapis.com/v1beta1/projects/hubble-riwi 403
[debug] [2025-09-09T01:31:25.971Z] <<< [apiv2][body] GET https://firebase.googleapis.com/v1beta1/projects/hubble-riwi {"error":{"code":403,"message":"The caller does not have permission","status":"PERMISSION_DENIED"}}
[debug] [2025-09-09T01:31:25.974Z] Request to https://firebase.googleapis.com/v1beta1/projects/hubble-riwi had HTTP Error: 403, The caller does not have permission
[debug] [2025-09-09T01:31:25.976Z] FirebaseError: Request to https://firebase.googleapis.com/v1beta1/projects/hubble-riwi had HTTP Error: 403, The caller does not have permission
    at responseToError (/usr/local/lib/node_modules/firebase-tools/lib/responseToError.js:52:12)
    at RetryOperation._fn (/usr/local/lib/node_modules/firebase-tools/lib/apiv2.js:312:77)
    at process.processTicksAndRejections (node:internal/process/task_queues:105:5)
[error] 
[error] Error: Failed to get Firebase project hubble-riwi. Please make sure the project exists and your account has permission to access it.
[debug] [2025-09-09T01:32:05.309Z] ----------------------------------------------------------------------
[debug] [2025-09-09T01:32:05.311Z] Command:       /opt/nodejs/bin/node /usr/local/bin/firebase deploy
[debug] [2025-09-09T01:32:05.311Z] CLI Version:   14.15.2
[debug] [2025-09-09T01:32:05.311Z] Platform:      linux
[debug] [2025-09-09T01:32:05.311Z] Node Version:  v22.19.0
[debug] [2025-09-09T01:32:05.312Z] Time:          Mon Sep 08 2025 20:32:05 GMT-0500 (hora estándar de Colombia)
[debug] [2025-09-09T01:32:05.312Z] ----------------------------------------------------------------------
[debug] 
[debug] [2025-09-09T01:32:05.464Z] > command requires scopes: ["email","openid","https://www.googleapis.com/auth/cloudplatformprojects.readonly","https://www.googleapis.com/auth/firebase","https://www.googleapis.com/auth/cloud-platform"]
[debug] [2025-09-09T01:32:05.464Z] > authorizing via signed-in user (mariasmarin981@gmail.com)
[debug] [2025-09-09T01:32:05.465Z] [iam] checking project hubble-riwi for permissions ["firebase.projects.get","firebasehosting.sites.update"]
[debug] [2025-09-09T01:32:05.465Z] Checked if tokens are valid: true, expires at: 1757385083825
[debug] [2025-09-09T01:32:05.465Z] Checked if tokens are valid: true, expires at: 1757385083825
[debug] [2025-09-09T01:32:05.466Z] >>> [apiv2][query] POST https://cloudresourcemanager.googleapis.com/v1/projects/hubble-riwi:testIamPermissions [none]
[debug] [2025-09-09T01:32:05.466Z] >>> [apiv2][(partial)header] POST https://cloudresourcemanager.googleapis.com/v1/projects/hubble-riwi:testIamPermissions x-goog-quota-user=projects/hubble-riwi
[debug] [2025-09-09T01:32:05.466Z] >>> [apiv2][body] POST https://cloudresourcemanager.googleapis.com/v1/projects/hubble-riwi:testIamPermissions {"permissions":["firebase.projects.get","firebasehosting.sites.update"]}
[debug] [2025-09-09T01:32:06.093Z] <<< [apiv2][status] POST https://cloudresourcemanager.googleapis.com/v1/projects/hubble-riwi:testIamPermissions 200
[debug] [2025-09-09T01:32:06.094Z] <<< [apiv2][body] POST https://cloudresourcemanager.googleapis.com/v1/projects/hubble-riwi:testIamPermissions {}
[debug] [2025-09-09T01:32:06.095Z] [iam] error while checking permissions, command may fail: Authorization failed. This account is missing the following required permissions on project hubble-riwi:

  firebase.projects.get
  firebasehosting.sites.update
[debug] [2025-09-09T01:32:06.096Z] Checked if tokens are valid: true, expires at: 1757385083825
[debug] [2025-09-09T01:32:06.097Z] Checked if tokens are valid: true, expires at: 1757385083825
[debug] [2025-09-09T01:32:06.097Z] >>> [apiv2][query] GET https://firebase.googleapis.com/v1beta1/projects/hubble-riwi [none]
[debug] [2025-09-09T01:32:06.363Z] <<< [apiv2][status] GET https://firebase.googleapis.com/v1beta1/projects/hubble-riwi 403
[debug] [2025-09-09T01:32:06.363Z] <<< [apiv2][body] GET https://firebase.googleapis.com/v1beta1/projects/hubble-riwi {"error":{"code":403,"message":"The caller does not have permission","status":"PERMISSION_DENIED"}}
[debug] [2025-09-09T01:32:06.366Z] Request to https://firebase.googleapis.com/v1beta1/projects/hubble-riwi had HTTP Error: 403, The caller does not have permission
[debug] [2025-09-09T01:32:06.368Z] FirebaseError: Request to https://firebase.googleapis.com/v1beta1/projects/hubble-riwi had HTTP Error: 403, The caller does not have permission
    at responseToError (/usr/local/lib/node_modules/firebase-tools/lib/responseToError.js:52:12)
    at RetryOperation._fn (/usr/local/lib/node_modules/firebase-tools/lib/apiv2.js:312:77)
    at process.processTicksAndRejections (node:internal/process/task_queues:105:5)
[error] 
[error] Error: Failed to get Firebase project hubble-riwi. Please make sure the project exists and your account has permission to access it.
